{
  "stats": {
    "suites": 1,
    "tests": 1,
    "passes": 1,
    "pending": 0,
    "failures": 0,
    "start": "2021-10-07T20:46:12.847Z",
    "end": "2021-10-07T20:46:28.895Z",
    "duration": 16048,
    "testsRegistered": 1,
    "passPercent": 100,
    "pendingPercent": 0,
    "other": 0,
    "hasOther": false,
    "skipped": 0,
    "hasSkipped": false
  },
  "results": [
    {
      "uuid": "8dcbcc45-e646-4051-bdc5-235a0e498605",
      "title": "",
      "fullFile": "cypress/integration/tests/positivetest.js",
      "file": "cypress/integration/tests/positivetest.js",
      "beforeHooks": [],
      "afterHooks": [],
      "tests": [],
      "suites": [
        {
          "uuid": "81cb8fe5-2942-4478-b156-85115639e7de",
          "title": "Cypress POC",
          "fullFile": "",
          "file": "",
          "beforeHooks": [],
          "afterHooks": [],
          "tests": [
            {
              "title": "verify tenant group dashboard",
              "fullTitle": "Cypress POC verify tenant group dashboard",
              "timedOut": null,
              "duration": 14252,
              "state": "passed",
              "speed": "slow",
              "pass": true,
              "fail": false,
              "pending": false,
              "context": null,
              "code": "selectClientPage.clickOnTenantName('010ct');\ndashboardPage.verifyPageHeader();\ndashboardPage.clickonSideNavMenuItem('EMPLOYEE COMPLIANCE');",
              "err": {},
              "uuid": "ab550b79-51e2-4357-afe1-360b66a4c981",
              "parentUUID": "81cb8fe5-2942-4478-b156-85115639e7de",
              "isHook": false,
              "skipped": false
            }
          ],
          "suites": [],
          "passes": [
            "ab550b79-51e2-4357-afe1-360b66a4c981"
          ],
          "failures": [],
          "pending": [],
          "skipped": [],
          "duration": 14252,
          "root": false,
          "rootEmpty": false,
          "_timeout": 2000
        }
      ],
      "passes": [],
      "failures": [],
      "pending": [],
      "skipped": [],
      "duration": 0,
      "root": true,
      "rootEmpty": true,
      "_timeout": 2000
    }
  ],
  "meta": {
    "mocha": {
      "version": "7.0.1"
    },
    "mochawesome": {
      "options": {
        "quiet": false,
        "reportFilename": "mochawesome",
        "saveHtml": true,
        "saveJson": true,
        "consoleReporter": "spec",
        "useInlineDiffs": false,
        "code": true
      },
      "version": "6.3.1"
    },
    "marge": {
      "options": null,
      "version": "5.2.0"
    }
  }
}